<?xml version="1.0" encoding="UTF-8"?>
<!-- Generated by org.testng.reporters.JUnitReportReporter -->
<testsuite hostname="DESKTOP-K77Q2LB" failures="0" tests="1" name="test_layer.SearchPage_Tests" time="29.114" errors="0" timestamp="2021-08-16T01:12:19 EDT" skipped="0">
  <testcase classname="test_layer.SearchPage_Tests" name="validateaddtocartmsgtest" time="29.114"/>
  <system-out/>
</testsuite> <!-- test_layer.SearchPage_Tests -->
